<?xml version="1.0" encoding="UTF-8"?>
<testng-results ignored="0" total="2" passed="2" failed="0" skipped="0">
  <reporter-output>
  </reporter-output>
  <suite started-at="2023-01-29T17:49:29Z" name="Default suite" finished-at="2023-01-29T17:49:29Z" duration-ms="422">
    <groups>
    </groups>
    <test started-at="2023-01-29T17:49:29Z" name="Default test" finished-at="2023-01-29T17:49:29Z" duration-ms="422">
      <class name="tests.GetAPITest">
        <test-method is-config="true" signature="setUp()[pri:0, instance:tests.GetAPITest@6bc407fd]" started-at="2023-01-29T17:49:29Z" name="setUp" finished-at="2023-01-29T17:49:29Z" duration-ms="4" status="PASS">
          <reporter-output>
          </reporter-output>
        </test-method> <!-- setUp -->
        <test-method signature="getAPITestWithoutHeaders()[pri:1, instance:tests.GetAPITest@6bc407fd]" started-at="2023-01-29T17:49:29Z" name="getAPITestWithoutHeaders" finished-at="2023-01-29T17:49:29Z" duration-ms="254" status="PASS">
          <reporter-output>
          </reporter-output>
        </test-method> <!-- getAPITestWithoutHeaders -->
        <test-method is-config="true" signature="setUp()[pri:0, instance:tests.GetAPITest@6bc407fd]" started-at="2023-01-29T17:49:29Z" name="setUp" finished-at="2023-01-29T17:49:29Z" duration-ms="0" status="PASS">
          <reporter-output>
          </reporter-output>
        </test-method> <!-- setUp -->
        <test-method signature="getAPITestWithHeaders()[pri:2, instance:tests.GetAPITest@6bc407fd]" started-at="2023-01-29T17:49:29Z" name="getAPITestWithHeaders" finished-at="2023-01-29T17:49:29Z" duration-ms="143" status="PASS">
          <reporter-output>
          </reporter-output>
        </test-method> <!-- getAPITestWithHeaders -->
      </class> <!-- tests.GetAPITest -->
    </test> <!-- Default test -->
  </suite> <!-- Default suite -->
</testng-results>
