<?xml version="1.0" encoding="UTF-8"?>
<testng-results ignored="0" total="1" passed="1" failed="0" skipped="0">
  <reporter-output>
  </reporter-output>
  <suite started-at="2023-02-11T16:19:36Z" name="Default suite" finished-at="2023-02-11T16:19:36Z" duration-ms="552">
    <groups>
    </groups>
    <test started-at="2023-02-11T16:19:36Z" name="Default test" finished-at="2023-02-11T16:19:36Z" duration-ms="552">
      <class name="tests.PostAPITest">
        <test-method is-config="true" signature="setUp()[pri:0, instance:tests.PostAPITest@36060e]" started-at="2023-02-11T16:19:36Z" name="setUp" finished-at="2023-02-11T16:19:36Z" duration-ms="4" status="PASS">
          <reporter-output>
          </reporter-output>
        </test-method> <!-- setUp -->
        <test-method signature="postAPITest()[pri:0, instance:tests.PostAPITest@36060e]" started-at="2023-02-11T16:19:36Z" name="postAPITest" finished-at="2023-02-11T16:19:36Z" duration-ms="530" status="PASS">
          <reporter-output>
          </reporter-output>
        </test-method> <!-- postAPITest -->
      </class> <!-- tests.PostAPITest -->
    </test> <!-- Default test -->
  </suite> <!-- Default suite -->
</testng-results>
